TN:
SF:src\components\CategorySelectButton\index.tsx
FN:12,CategorySelectButton
FNF:1
FNH:1
FNDA:2,CategorySelectButton
DA:13,2
LF:1
LH:1
BRF:0
BRH:0
end_of_record
TN:
SF:src\components\Form\Button\index.tsx
FN:10,Button
FNF:1
FNH:1
FNDA:4,Button
DA:11,4
LF:1
LH:1
BRF:0
BRH:0
end_of_record
TN:
SF:src\components\Form\Input\index.tsx
FN:10,Input
FNF:1
FNH:1
FNDA:5,Input
DA:11,5
LF:1
LH:1
BRDA:10,0,0,4
BRF:1
BRH:1
end_of_record
TN:
SF:src\components\Form\InputForm\index.tsx
FN:15,InputForm
FN:20,(anonymous_1)
FNF:2
FNH:2
FNDA:4,InputForm
FNDA:4,(anonymous_1)
DA:16,4
DA:21,4
LF:2
LH:2
BRDA:25,0,0,4
BRDA:25,0,1,0
BRF:2
BRH:1
end_of_record
TN:
SF:src\components\Form\TransactionTypeButton\index.tsx
FN:17,TransactionTypeButton
FNF:1
FNH:1
FNDA:4,TransactionTypeButton
DA:6,1
DA:23,4
LF:2
LH:2
BRF:0
BRH:0
end_of_record
TN:
SF:src\components\HighlightCard\index.tsx
FN:25,HighlightCard
FNF:1
FNH:0
FNDA:0,HighlightCard
DA:19,0
DA:26,0
LF:2
LH:0
BRF:0
BRH:0
end_of_record
TN:
SF:src\components\HistoryCard\index.tsx
FN:11,HistoryCard
FNF:1
FNH:0
FNDA:0,HistoryCard
DA:12,0
LF:1
LH:0
BRF:0
BRH:0
end_of_record
TN:
SF:src\components\SignInSocialButton\index.tsx
FN:12,SignInSocialButton
FNF:1
FNH:0
FNDA:0,SignInSocialButton
DA:13,0
LF:1
LH:0
BRF:0
BRH:0
end_of_record
TN:
SF:src\components\TransactionCard\index.tsx
FN:28,TransactionCard
FN:29,(anonymous_1)
FNF:2
FNH:0
FNDA:0,TransactionCard
FNDA:0,(anonymous_1)
DA:29,0
DA:31,0
LF:2
LH:0
BRDA:35,0,0,0
BRDA:35,0,1,0
BRF:2
BRH:0
end_of_record
TN:
SF:src\hooks\auth.tsx
FN:44,AuthProvider
FN:50,signInWithGoogle
FN:86,signInWithApple
FN:114,signOut
FN:120,(anonymous_4)
FN:121,loadUserStorageData
FN:150,useAuth
FNF:7
FNH:5
FNDA:5,AuthProvider
FNDA:2,signInWithGoogle
FNDA:0,signInWithApple
FNDA:0,signOut
FNDA:2,(anonymous_4)
FNDA:2,loadUserStorageData
FNDA:7,useAuth
DA:10,2
DA:11,2
DA:42,2
DA:45,5
DA:46,5
DA:48,5
DA:51,2
DA:52,2
DA:53,2
DA:55,2
DA:57,2
DA:61,2
DA:62,1
DA:66,1
DA:68,1
DA:75,1
DA:77,1
DA:80,0
DA:81,0
DA:87,0
DA:88,0
DA:95,0
DA:96,0
DA:103,0
DA:105,0
DA:108,0
DA:109,0
DA:115,0
DA:117,0
DA:120,5
DA:122,2
DA:124,2
DA:125,0
DA:126,0
DA:129,2
DA:132,2
DA:135,5
DA:151,7
DA:153,7
LF:39
LH:25
BRDA:61,0,0,1
BRDA:61,0,1,1
BRDA:80,1,0,0
BRDA:80,1,1,0
BRDA:95,2,0,0
BRDA:95,2,1,0
BRDA:108,3,0,0
BRDA:108,3,1,0
BRDA:124,4,0,0
BRDA:124,4,1,2
BRF:10
BRH:3
end_of_record
TN:
SF:src\routers\app.routes.tsx
FN:13,AppRoutes
FN:33,(anonymous_1)
FN:46,(anonymous_2)
FN:55,(anonymous_3)
FNF:4
FNH:0
FNDA:0,AppRoutes
FNDA:0,(anonymous_1)
FNDA:0,(anonymous_2)
FNDA:0,(anonymous_3)
DA:7,0
DA:14,0
DA:16,0
DA:34,0
DA:47,0
DA:56,0
LF:6
LH:0
BRDA:25,0,0,0
BRDA:25,0,1,0
BRF:2
BRH:0
end_of_record
TN:
SF:src\routers\auth.routes.tsx
FN:8,AuthRoutes
FNF:1
FNH:0
FNDA:0,AuthRoutes
DA:6,0
DA:9,0
LF:2
LH:0
BRF:0
BRH:0
end_of_record
TN:
SF:src\routers\index.tsx
FN:9,Routes
FNF:1
FNH:0
FNDA:0,Routes
DA:10,0
DA:12,0
LF:2
LH:0
BRDA:14,0,0,0
BRDA:14,0,1,0
BRF:2
BRH:0
end_of_record
TN:
SF:src\screens\CategorySelect\index.tsx
FN:29,CategorySelect
FN:34,handleCategorySelect
FN:47,(anonymous_2)
FN:48,(anonymous_3)
FN:50,(anonymous_4)
FN:57,(anonymous_5)
FNF:6
FNH:4
FNDA:2,CategorySelect
FNDA:0,handleCategorySelect
FNDA:12,(anonymous_2)
FNDA:12,(anonymous_3)
FNDA:0,(anonymous_4)
FNDA:10,(anonymous_5)
DA:35,0
DA:38,2
DA:47,12
DA:49,12
DA:50,0
DA:57,10
LF:6
LH:4
BRF:0
BRH:0
end_of_record
TN:
SF:src\screens\Dashboard\index.tsx
FN:8,getLastTransactionDate
FN:13,(anonymous_1)
FN:23,(anonymous_2)
FN:77,Dashboard
FN:87,loadTransactions
FN:97,(anonymous_5)
FN:176,(anonymous_6)
FN:181,(anonymous_7)
FN:239,(anonymous_8)
FN:240,(anonymous_9)
FNF:10
FNH:0
FNDA:0,getLastTransactionDate
FNDA:0,(anonymous_1)
FNDA:0,(anonymous_2)
FNDA:0,Dashboard
FNDA:0,loadTransactions
FNDA:0,(anonymous_5)
FNDA:0,(anonymous_6)
FNDA:0,(anonymous_7)
FNDA:0,(anonymous_8)
FNDA:0,(anonymous_9)
DA:12,0
DA:13,0
DA:16,0
DA:17,0
DA:20,0
DA:24,0
DA:29,0
DA:78,0
DA:79,0
DA:80,0
DA:84,0
DA:85,0
DA:88,0
DA:89,0
DA:91,0
DA:93,0
DA:94,0
DA:96,0
DA:98,0
DA:99,0
DA:101,0
DA:104,0
DA:109,0
DA:115,0
DA:126,0
DA:128,0
DA:132,0
DA:137,0
DA:141,0
DA:143,0
DA:173,0
DA:176,0
DA:177,0
DA:180,0
DA:182,0
DA:186,0
DA:239,0
DA:240,0
LF:38
LH:0
BRDA:16,0,0,0
BRDA:16,0,1,0
BRDA:91,1,0,0
BRDA:91,1,1,0
BRDA:98,2,0,0
BRDA:98,2,1,0
BRDA:137,3,0,0
BRDA:137,3,1,0
BRDA:150,4,0,0
BRDA:150,4,1,0
BRDA:160,5,0,0
BRDA:160,5,1,0
BRDA:188,6,0,0
BRDA:188,6,1,0
BRF:14
BRH:0
end_of_record
TN:
SF:src\screens\Profile\index.tsx
FN:4,Profile
FN:19,(anonymous_1)
FNF:2
FNH:1
FNDA:3,Profile
FNDA:0,(anonymous_1)
DA:5,3
LF:1
LH:1
BRF:0
BRH:0
end_of_record
TN:
SF:src\screens\Register\index.tsx
FN:42,Register
FN:64,handleTransactionTypeSelect
FN:68,handleOpenSelectCategoryModal
FN:69,(anonymous_3)
FN:74,handleCloseSelectCategoryModal
FN:78,handleRegister
FN:144,(anonymous_6)
FN:150,(anonymous_7)
FNF:8
FNH:3
FNDA:2,Register
FNDA:0,handleTransactionTypeSelect
FNDA:1,handleOpenSelectCategoryModal
FNDA:1,(anonymous_3)
FNDA:0,handleCloseSelectCategoryModal
FNDA:0,handleRegister
FNDA:0,(anonymous_6)
FNDA:0,(anonymous_7)
DA:34,1
DA:43,2
DA:44,2
DA:46,2
DA:48,2
DA:53,2
DA:60,2
DA:65,0
DA:69,1
DA:70,1
DA:75,0
DA:79,0
DA:80,0
DA:83,0
DA:84,0
DA:87,0
DA:96,0
DA:97,0
DA:98,0
DA:99,0
DA:100,0
DA:101,0
DA:103,0
DA:104,0
DA:105,0
DA:110,0
DA:112,0
DA:113,0
DA:117,2
DA:144,0
DA:150,0
LF:31
LH:10
BRDA:79,0,0,0
BRDA:79,0,1,0
BRDA:83,1,0,0
BRDA:83,1,1,0
BRDA:99,2,0,0
BRDA:99,2,1,0
BRDA:131,3,0,2
BRDA:131,3,1,0
BRDA:138,4,0,2
BRDA:138,4,1,0
BRF:10
BRH:2
end_of_record
TN:
SF:src\screens\Resume\index.tsx
FN:47,Resume
FN:56,handleDateChange
FN:66,loadData
FN:73,(anonymous_3)
FN:80,(anonymous_4)
FN:88,(anonymous_5)
FN:91,(anonymous_6)
FN:123,(anonymous_7)
FN:146,(anonymous_8)
FN:154,(anonymous_9)
FN:164,(anonymous_10)
FN:176,(anonymous_11)
FNF:12
FNH:0
FNDA:0,Resume
FNDA:0,handleDateChange
FNDA:0,loadData
FNDA:0,(anonymous_3)
FNDA:0,(anonymous_4)
FNDA:0,(anonymous_5)
FNDA:0,(anonymous_6)
FNDA:0,(anonymous_7)
FNDA:0,(anonymous_8)
FNDA:0,(anonymous_9)
FNDA:0,(anonymous_10)
FNDA:0,(anonymous_11)
DA:48,0
DA:49,0
DA:50,0
DA:52,0
DA:54,0
DA:57,0
DA:58,0
DA:59,0
DA:61,0
DA:62,0
DA:67,0
DA:68,0
DA:69,0
DA:70,0
DA:72,0
DA:74,0
DA:79,0
DA:81,0
DA:86,0
DA:88,0
DA:89,0
DA:91,0
DA:92,0
DA:93,0
DA:97,0
DA:98,0
DA:103,0
DA:107,0
DA:118,0
DA:119,0
DA:122,0
DA:124,0
DA:128,0
DA:146,0
DA:154,0
DA:164,0
DA:177,0
LF:37
LH:0
BRDA:57,0,0,0
BRDA:57,0,1,0
BRDA:70,1,0,0
BRDA:70,1,1,0
BRDA:74,2,0,0
BRDA:74,2,1,0
BRDA:74,2,2,0
BRDA:92,3,0,0
BRDA:92,3,1,0
BRDA:97,4,0,0
BRDA:97,4,1,0
BRDA:133,5,0,0
BRDA:133,5,1,0
BRF:13
BRH:0
end_of_record
TN:
SF:src\screens\SignIn\index.tsx
FN:24,SignIn
FN:30,handleSignInWithGoogle
FN:41,handleSignInWithApple
FNF:3
FNH:0
FNDA:0,SignIn
FNDA:0,handleSignInWithGoogle
FNDA:0,handleSignInWithApple
DA:25,0
DA:26,0
DA:28,0
DA:31,0
DA:32,0
DA:33,0
DA:35,0
DA:36,0
DA:37,0
DA:42,0
DA:43,0
DA:44,0
DA:46,0
DA:47,0
DA:48,0
DA:52,0
LF:16
LH:0
BRDA:73,0,0,0
BRDA:73,0,1,0
BRDA:82,1,0,0
BRDA:82,1,1,0
BRF:4
BRH:0
end_of_record
